2022-01-28 00:01:08.806  INFO 10752 --- [AsyncResolver-bootstrap-executor-0] c.n.d.s.r.aws.ConfigClusterResolver      : Resolving eureka endpoints via configuration
2022-01-28 00:06:08.898  INFO 10752 --- [AsyncResolver-bootstrap-executor-0] c.n.d.s.r.aws.ConfigClusterResolver      : Resolving eureka endpoints via configuration
2022-01-28 00:11:08.900  INFO 10752 --- [AsyncResolver-bootstrap-executor-0] c.n.d.s.r.aws.ConfigClusterResolver      : Resolving eureka endpoints via configuration
2022-01-28 00:16:08.905  INFO 10752 --- [AsyncResolver-bootstrap-executor-0] c.n.d.s.r.aws.ConfigClusterResolver      : Resolving eureka endpoints via configuration
2022-01-28 00:21:08.907  INFO 10752 --- [AsyncResolver-bootstrap-executor-0] c.n.d.s.r.aws.ConfigClusterResolver      : Resolving eureka endpoints via configuration
2022-01-28 00:26:08.921  INFO 10752 --- [AsyncResolver-bootstrap-executor-0] c.n.d.s.r.aws.ConfigClusterResolver      : Resolving eureka endpoints via configuration
2022-01-28 00:31:08.926  INFO 10752 --- [AsyncResolver-bootstrap-executor-0] c.n.d.s.r.aws.ConfigClusterResolver      : Resolving eureka endpoints via configuration
2022-01-28 00:36:08.939  INFO 10752 --- [AsyncResolver-bootstrap-executor-0] c.n.d.s.r.aws.ConfigClusterResolver      : Resolving eureka endpoints via configuration
2022-01-28 00:41:08.949  INFO 10752 --- [AsyncResolver-bootstrap-executor-0] c.n.d.s.r.aws.ConfigClusterResolver      : Resolving eureka endpoints via configuration
2022-01-28 00:46:08.956  INFO 10752 --- [AsyncResolver-bootstrap-executor-0] c.n.d.s.r.aws.ConfigClusterResolver      : Resolving eureka endpoints via configuration
2022-01-28 00:51:08.958  INFO 10752 --- [AsyncResolver-bootstrap-executor-0] c.n.d.s.r.aws.ConfigClusterResolver      : Resolving eureka endpoints via configuration
2022-01-28 00:56:08.961  INFO 10752 --- [AsyncResolver-bootstrap-executor-0] c.n.d.s.r.aws.ConfigClusterResolver      : Resolving eureka endpoints via configuration
2022-01-28 01:01:08.969  INFO 10752 --- [AsyncResolver-bootstrap-executor-0] c.n.d.s.r.aws.ConfigClusterResolver      : Resolving eureka endpoints via configuration
2022-01-28 01:06:08.983  INFO 10752 --- [AsyncResolver-bootstrap-executor-0] c.n.d.s.r.aws.ConfigClusterResolver      : Resolving eureka endpoints via configuration
2022-01-28 01:11:08.988  INFO 10752 --- [AsyncResolver-bootstrap-executor-0] c.n.d.s.r.aws.ConfigClusterResolver      : Resolving eureka endpoints via configuration
2022-01-28 01:16:09.004  INFO 10752 --- [AsyncResolver-bootstrap-executor-0] c.n.d.s.r.aws.ConfigClusterResolver      : Resolving eureka endpoints via configuration
2022-01-28 01:21:09.012  INFO 10752 --- [AsyncResolver-bootstrap-executor-0] c.n.d.s.r.aws.ConfigClusterResolver      : Resolving eureka endpoints via configuration
2022-01-28 01:26:09.021  INFO 10752 --- [AsyncResolver-bootstrap-executor-0] c.n.d.s.r.aws.ConfigClusterResolver      : Resolving eureka endpoints via configuration
2022-01-28 01:31:09.025  INFO 10752 --- [AsyncResolver-bootstrap-executor-0] c.n.d.s.r.aws.ConfigClusterResolver      : Resolving eureka endpoints via configuration
2022-01-28 01:36:09.029  INFO 10752 --- [AsyncResolver-bootstrap-executor-0] c.n.d.s.r.aws.ConfigClusterResolver      : Resolving eureka endpoints via configuration
2022-01-28 12:10:48.875  INFO 13372 --- [restartedMain] c.c.c.ConfigServicePropertySourceLocator : Fetching config from server at : http://192.168.0.103:8888/
2022-01-28 12:10:49.641  INFO 13372 --- [restartedMain] c.c.c.ConfigServicePropertySourceLocator : Located environment: name=api-router, profiles=[default], label=null, version=f9f50d9e933f7cd2a82bdca3cb5604b2176402e0, state=null
2022-01-28 12:10:49.644  INFO 13372 --- [restartedMain] b.c.PropertySourceBootstrapConfiguration : Located property source: [BootstrapPropertySource {name='bootstrapProperties-configClient'}, BootstrapPropertySource {name='bootstrapProperties-https://github.com/akash386/spring-cloud-samples/file:C:\config-repo\api-router.properties'}, BootstrapPropertySource {name='bootstrapProperties-https://github.com/akash386/spring-cloud-samples/file:C:\config-repo\application.properties'}]
2022-01-28 12:10:49.670  INFO 13372 --- [restartedMain] com.intech.user.ApiRouterApplication     : No active profile set, falling back to default profiles: default
2022-01-28 12:10:51.477  INFO 13372 --- [restartedMain] o.s.cloud.context.scope.GenericScope     : BeanFactory id=ae4f038a-ca94-3c11-a8aa-f740b2433511
2022-01-28 12:10:51.609  INFO 13372 --- [restartedMain] trationDelegate$BeanPostProcessorChecker : Bean 'org.springframework.cloud.client.loadbalancer.reactive.LoadBalancerBeanPostProcessorAutoConfiguration' of type [org.springframework.cloud.client.loadbalancer.reactive.LoadBalancerBeanPostProcessorAutoConfiguration] is not eligible for getting processed by all BeanPostProcessors (for example: not eligible for auto-proxying)
2022-01-28 12:10:51.611  INFO 13372 --- [restartedMain] trationDelegate$BeanPostProcessorChecker : Bean 'org.springframework.cloud.client.loadbalancer.reactive.LoadBalancerBeanPostProcessorAutoConfiguration$ReactorDeferringLoadBalancerFilterConfig' of type [org.springframework.cloud.client.loadbalancer.reactive.LoadBalancerBeanPostProcessorAutoConfiguration$ReactorDeferringLoadBalancerFilterConfig] is not eligible for getting processed by all BeanPostProcessors (for example: not eligible for auto-proxying)
2022-01-28 12:10:51.614  INFO 13372 --- [restartedMain] trationDelegate$BeanPostProcessorChecker : Bean 'reactorDeferringLoadBalancerExchangeFilterFunction' of type [org.springframework.cloud.client.loadbalancer.reactive.DeferringLoadBalancerExchangeFilterFunction] is not eligible for getting processed by all BeanPostProcessors (for example: not eligible for auto-proxying)
2022-01-28 12:10:53.874  INFO 13372 --- [restartedMain] o.s.c.g.r.RouteDefinitionRouteLocator    : Loaded RoutePredicateFactory [After]
2022-01-28 12:10:53.874  INFO 13372 --- [restartedMain] o.s.c.g.r.RouteDefinitionRouteLocator    : Loaded RoutePredicateFactory [Before]
2022-01-28 12:10:53.875  INFO 13372 --- [restartedMain] o.s.c.g.r.RouteDefinitionRouteLocator    : Loaded RoutePredicateFactory [Between]
2022-01-28 12:10:53.875  INFO 13372 --- [restartedMain] o.s.c.g.r.RouteDefinitionRouteLocator    : Loaded RoutePredicateFactory [Cookie]
2022-01-28 12:10:53.875  INFO 13372 --- [restartedMain] o.s.c.g.r.RouteDefinitionRouteLocator    : Loaded RoutePredicateFactory [Header]
2022-01-28 12:10:53.875  INFO 13372 --- [restartedMain] o.s.c.g.r.RouteDefinitionRouteLocator    : Loaded RoutePredicateFactory [Host]
2022-01-28 12:10:53.875  INFO 13372 --- [restartedMain] o.s.c.g.r.RouteDefinitionRouteLocator    : Loaded RoutePredicateFactory [Method]
2022-01-28 12:10:53.876  INFO 13372 --- [restartedMain] o.s.c.g.r.RouteDefinitionRouteLocator    : Loaded RoutePredicateFactory [Path]
2022-01-28 12:10:53.876  INFO 13372 --- [restartedMain] o.s.c.g.r.RouteDefinitionRouteLocator    : Loaded RoutePredicateFactory [Query]
2022-01-28 12:10:53.876  INFO 13372 --- [restartedMain] o.s.c.g.r.RouteDefinitionRouteLocator    : Loaded RoutePredicateFactory [ReadBody]
2022-01-28 12:10:53.876  INFO 13372 --- [restartedMain] o.s.c.g.r.RouteDefinitionRouteLocator    : Loaded RoutePredicateFactory [RemoteAddr]
2022-01-28 12:10:53.877  INFO 13372 --- [restartedMain] o.s.c.g.r.RouteDefinitionRouteLocator    : Loaded RoutePredicateFactory [Weight]
2022-01-28 12:10:53.877  INFO 13372 --- [restartedMain] o.s.c.g.r.RouteDefinitionRouteLocator    : Loaded RoutePredicateFactory [CloudFoundryRouteService]
2022-01-28 12:10:55.231  INFO 13372 --- [restartedMain] o.s.b.a.e.web.EndpointLinksResolver      : Exposing 1 endpoint(s) beneath base path '/actuator'
2022-01-28 12:10:55.769  INFO 13372 --- [restartedMain] o.s.b.d.a.OptionalLiveReloadServer       : LiveReload server is running on port 35729
2022-01-28 12:10:55.784  INFO 13372 --- [restartedMain] DiscoveryClientOptionalArgsConfiguration : Eureka HTTP Client uses RestTemplate.
2022-01-28 12:10:55.908  WARN 13372 --- [restartedMain] iguration$LoadBalancerCaffeineWarnLogger : Spring Cloud LoadBalancer is currently working with the default cache. You can switch to using Caffeine cache, by adding it and org.springframework.cache.caffeine.CaffeineCacheManager to the classpath.
2022-01-28 12:10:56.086  INFO 13372 --- [restartedMain] o.s.c.n.eureka.InstanceInfoFactory       : Setting initial instance status as: STARTING
2022-01-28 12:10:56.180  INFO 13372 --- [restartedMain] com.netflix.discovery.DiscoveryClient    : Initializing Eureka in region us-east-1
2022-01-28 12:10:56.204  INFO 13372 --- [restartedMain] c.n.d.s.r.aws.ConfigClusterResolver      : Resolving eureka endpoints via configuration
2022-01-28 12:10:56.291  INFO 13372 --- [restartedMain] com.netflix.discovery.DiscoveryClient    : Disable delta property : false
2022-01-28 12:10:56.292  INFO 13372 --- [restartedMain] com.netflix.discovery.DiscoveryClient    : Single vip registry refresh property : null
2022-01-28 12:10:56.292  INFO 13372 --- [restartedMain] com.netflix.discovery.DiscoveryClient    : Force full registry fetch : false
2022-01-28 12:10:56.293  INFO 13372 --- [restartedMain] com.netflix.discovery.DiscoveryClient    : Application is null : false
2022-01-28 12:10:56.293  INFO 13372 --- [restartedMain] com.netflix.discovery.DiscoveryClient    : Registered Applications size is zero : true
2022-01-28 12:10:56.293  INFO 13372 --- [restartedMain] com.netflix.discovery.DiscoveryClient    : Application version is -1: true
2022-01-28 12:10:56.293  INFO 13372 --- [restartedMain] com.netflix.discovery.DiscoveryClient    : Getting all instance registry info from the eureka server
2022-01-28 12:10:56.361  INFO 13372 --- [restartedMain] com.netflix.discovery.DiscoveryClient    : The response status is 200
2022-01-28 12:10:56.370  INFO 13372 --- [restartedMain] com.netflix.discovery.DiscoveryClient    : Starting heartbeat executor: renew interval is: 30
2022-01-28 12:10:56.388  INFO 13372 --- [restartedMain] c.n.discovery.InstanceInfoReplicator     : InstanceInfoReplicator onDemand update allowed rate per min is 4
2022-01-28 12:10:56.411  INFO 13372 --- [restartedMain] com.netflix.discovery.DiscoveryClient    : Discovery Client initialized at timestamp 1643352056405 with initial instances count: 1
2022-01-28 12:10:56.417  INFO 13372 --- [restartedMain] o.s.c.n.e.s.EurekaServiceRegistry        : Registering application CONFIG-SERVER with eureka with status UP
2022-01-28 12:10:56.422  INFO 13372 --- [restartedMain] com.netflix.discovery.DiscoveryClient    : Saw local status change event StatusChangeEvent [timestamp=1643352056422, current=UP, previous=STARTING]
2022-01-28 12:10:56.430  INFO 13372 --- [DiscoveryClient-InstanceInfoReplicator-0] com.netflix.discovery.DiscoveryClient    : DiscoveryClient_CONFIG-SERVER/host.docker.internal:api-router:8765: registering service...
2022-01-28 12:10:56.593  INFO 13372 --- [DiscoveryClient-InstanceInfoReplicator-0] com.netflix.discovery.DiscoveryClient    : DiscoveryClient_CONFIG-SERVER/host.docker.internal:api-router:8765 - registration status: 204
2022-01-28 12:10:57.352  INFO 13372 --- [restartedMain] o.s.b.web.embedded.netty.NettyWebServer  : Netty started on port 8765
2022-01-28 12:10:57.358  INFO 13372 --- [restartedMain] .s.c.n.e.s.EurekaAutoServiceRegistration : Updating port to 8765
2022-01-28 12:10:58.173  INFO 13372 --- [restartedMain] com.intech.user.ApiRouterApplication     : Started ApiRouterApplication in 12.092 seconds (JVM running for 13.891)
2022-01-28 12:15:56.330  INFO 13372 --- [AsyncResolver-bootstrap-executor-0] c.n.d.s.r.aws.ConfigClusterResolver      : Resolving eureka endpoints via configuration
2022-01-28 12:20:56.356  INFO 13372 --- [AsyncResolver-bootstrap-executor-0] c.n.d.s.r.aws.ConfigClusterResolver      : Resolving eureka endpoints via configuration
2022-01-28 12:25:56.373  INFO 13372 --- [AsyncResolver-bootstrap-executor-0] c.n.d.s.r.aws.ConfigClusterResolver      : Resolving eureka endpoints via configuration
2022-01-28 12:30:56.378  INFO 13372 --- [AsyncResolver-bootstrap-executor-0] c.n.d.s.r.aws.ConfigClusterResolver      : Resolving eureka endpoints via configuration
2022-01-28 12:35:56.386  INFO 13372 --- [AsyncResolver-bootstrap-executor-0] c.n.d.s.r.aws.ConfigClusterResolver      : Resolving eureka endpoints via configuration
2022-01-28 12:40:56.401  INFO 13372 --- [AsyncResolver-bootstrap-executor-0] c.n.d.s.r.aws.ConfigClusterResolver      : Resolving eureka endpoints via configuration
2022-01-28 12:45:56.407  INFO 13372 --- [AsyncResolver-bootstrap-executor-0] c.n.d.s.r.aws.ConfigClusterResolver      : Resolving eureka endpoints via configuration
2022-01-28 12:50:56.422  INFO 13372 --- [AsyncResolver-bootstrap-executor-0] c.n.d.s.r.aws.ConfigClusterResolver      : Resolving eureka endpoints via configuration
2022-01-28 12:55:56.439  INFO 13372 --- [AsyncResolver-bootstrap-executor-0] c.n.d.s.r.aws.ConfigClusterResolver      : Resolving eureka endpoints via configuration
2022-01-28 13:00:56.453  INFO 13372 --- [AsyncResolver-bootstrap-executor-0] c.n.d.s.r.aws.ConfigClusterResolver      : Resolving eureka endpoints via configuration
2022-01-28 13:05:56.465  INFO 13372 --- [AsyncResolver-bootstrap-executor-0] c.n.d.s.r.aws.ConfigClusterResolver      : Resolving eureka endpoints via configuration
2022-01-28 13:10:56.482  INFO 13372 --- [AsyncResolver-bootstrap-executor-0] c.n.d.s.r.aws.ConfigClusterResolver      : Resolving eureka endpoints via configuration
2022-01-28 13:15:56.497  INFO 13372 --- [AsyncResolver-bootstrap-executor-0] c.n.d.s.r.aws.ConfigClusterResolver      : Resolving eureka endpoints via configuration
2022-01-28 13:20:56.515  INFO 13372 --- [AsyncResolver-bootstrap-executor-0] c.n.d.s.r.aws.ConfigClusterResolver      : Resolving eureka endpoints via configuration
2022-01-28 13:25:56.528  INFO 13372 --- [AsyncResolver-bootstrap-executor-0] c.n.d.s.r.aws.ConfigClusterResolver      : Resolving eureka endpoints via configuration
2022-01-28 13:30:56.544  INFO 13372 --- [AsyncResolver-bootstrap-executor-0] c.n.d.s.r.aws.ConfigClusterResolver      : Resolving eureka endpoints via configuration
2022-01-28 13:35:56.560  INFO 13372 --- [AsyncResolver-bootstrap-executor-0] c.n.d.s.r.aws.ConfigClusterResolver      : Resolving eureka endpoints via configuration
2022-01-28 13:40:56.576  INFO 13372 --- [AsyncResolver-bootstrap-executor-0] c.n.d.s.r.aws.ConfigClusterResolver      : Resolving eureka endpoints via configuration
2022-01-28 13:45:56.595  INFO 13372 --- [AsyncResolver-bootstrap-executor-0] c.n.d.s.r.aws.ConfigClusterResolver      : Resolving eureka endpoints via configuration
2022-01-28 13:50:56.606  INFO 13372 --- [AsyncResolver-bootstrap-executor-0] c.n.d.s.r.aws.ConfigClusterResolver      : Resolving eureka endpoints via configuration
2022-01-28 13:55:56.620  INFO 13372 --- [AsyncResolver-bootstrap-executor-0] c.n.d.s.r.aws.ConfigClusterResolver      : Resolving eureka endpoints via configuration
2022-01-28 14:00:56.623  INFO 13372 --- [AsyncResolver-bootstrap-executor-0] c.n.d.s.r.aws.ConfigClusterResolver      : Resolving eureka endpoints via configuration
2022-01-28 14:05:56.627  INFO 13372 --- [AsyncResolver-bootstrap-executor-0] c.n.d.s.r.aws.ConfigClusterResolver      : Resolving eureka endpoints via configuration
2022-01-28 14:10:56.640  INFO 13372 --- [AsyncResolver-bootstrap-executor-0] c.n.d.s.r.aws.ConfigClusterResolver      : Resolving eureka endpoints via configuration
2022-01-28 14:15:56.652  INFO 13372 --- [AsyncResolver-bootstrap-executor-0] c.n.d.s.r.aws.ConfigClusterResolver      : Resolving eureka endpoints via configuration
2022-01-28 14:20:56.654  INFO 13372 --- [AsyncResolver-bootstrap-executor-0] c.n.d.s.r.aws.ConfigClusterResolver      : Resolving eureka endpoints via configuration
2022-01-28 14:25:56.662  INFO 13372 --- [AsyncResolver-bootstrap-executor-0] c.n.d.s.r.aws.ConfigClusterResolver      : Resolving eureka endpoints via configuration
2022-01-28 14:30:56.668  INFO 13372 --- [AsyncResolver-bootstrap-executor-0] c.n.d.s.r.aws.ConfigClusterResolver      : Resolving eureka endpoints via configuration
2022-01-28 14:35:56.682  INFO 13372 --- [AsyncResolver-bootstrap-executor-0] c.n.d.s.r.aws.ConfigClusterResolver      : Resolving eureka endpoints via configuration
2022-01-28 14:40:56.698  INFO 13372 --- [AsyncResolver-bootstrap-executor-0] c.n.d.s.r.aws.ConfigClusterResolver      : Resolving eureka endpoints via configuration
2022-01-28 14:45:56.707  INFO 13372 --- [AsyncResolver-bootstrap-executor-0] c.n.d.s.r.aws.ConfigClusterResolver      : Resolving eureka endpoints via configuration
2022-01-28 14:50:56.717  INFO 13372 --- [AsyncResolver-bootstrap-executor-0] c.n.d.s.r.aws.ConfigClusterResolver      : Resolving eureka endpoints via configuration
2022-01-28 14:55:56.723  INFO 13372 --- [AsyncResolver-bootstrap-executor-0] c.n.d.s.r.aws.ConfigClusterResolver      : Resolving eureka endpoints via configuration
2022-01-28 15:00:56.725  INFO 13372 --- [AsyncResolver-bootstrap-executor-0] c.n.d.s.r.aws.ConfigClusterResolver      : Resolving eureka endpoints via configuration
2022-01-28 15:05:56.739  INFO 13372 --- [AsyncResolver-bootstrap-executor-0] c.n.d.s.r.aws.ConfigClusterResolver      : Resolving eureka endpoints via configuration
2022-01-28 15:10:56.742  INFO 13372 --- [AsyncResolver-bootstrap-executor-0] c.n.d.s.r.aws.ConfigClusterResolver      : Resolving eureka endpoints via configuration
2022-01-28 15:15:56.763  INFO 13372 --- [AsyncResolver-bootstrap-executor-0] c.n.d.s.r.aws.ConfigClusterResolver      : Resolving eureka endpoints via configuration
2022-01-28 15:20:20.419  INFO 13372 --- [RMI TCP Connection(193)-127.0.0.1] inMXBeanRegistrar$SpringApplicationAdmin : Application shutdown requested.
2022-01-28 15:20:20.464  INFO 13372 --- [RMI TCP Connection(193)-127.0.0.1] o.s.c.n.e.s.EurekaServiceRegistry        : Unregistering application CONFIG-SERVER with eureka with status DOWN
2022-01-28 15:20:20.465  INFO 13372 --- [RMI TCP Connection(193)-127.0.0.1] com.netflix.discovery.DiscoveryClient    : Saw local status change event StatusChangeEvent [timestamp=1643363420465, current=DOWN, previous=UP]
2022-01-28 15:20:20.467  INFO 13372 --- [DiscoveryClient-InstanceInfoReplicator-0] com.netflix.discovery.DiscoveryClient    : DiscoveryClient_CONFIG-SERVER/host.docker.internal:api-router:8765: registering service...
2022-01-28 15:20:20.515  INFO 13372 --- [DiscoveryClient-InstanceInfoReplicator-0] com.netflix.discovery.DiscoveryClient    : DiscoveryClient_CONFIG-SERVER/host.docker.internal:api-router:8765 - registration status: 204
2022-01-28 15:20:22.720  INFO 13372 --- [RMI TCP Connection(193)-127.0.0.1] com.netflix.discovery.DiscoveryClient    : Shutting down DiscoveryClient ...
2022-01-28 15:20:25.758  INFO 13372 --- [RMI TCP Connection(193)-127.0.0.1] com.netflix.discovery.DiscoveryClient    : Unregistering ...
2022-01-28 15:20:25.784  INFO 13372 --- [RMI TCP Connection(193)-127.0.0.1] com.netflix.discovery.DiscoveryClient    : DiscoveryClient_CONFIG-SERVER/host.docker.internal:api-router:8765 - deregister  status: 200
2022-01-28 15:20:25.801  INFO 13372 --- [RMI TCP Connection(193)-127.0.0.1] com.netflix.discovery.DiscoveryClient    : Completed shut down of DiscoveryClient
